Time used is 5.738 second.
0 0 -1 -1 
0 91 -1 -1 
0 24 -1 -1 
0 18 -1 -1 
0 17 -1 -1 
0 82 -1 -1 
0 25 -1 -1 
0 72 -1 -1 
0 14 -1 -1 
0 63 -1 -1 
0 71 -1 -1 
0 19 -1 -1 
0 13 -1 -1 
0 57 -1 -1 
0 20 -1 -1 
1 56 -1 -1 
1 40 -1 -1 
1 33 -1 -1 
1 13 -1 -1 
1 12 -1 -1 
1 26 -1 -1 
1 37 -1 -1 
1 29 -1 -1 
1 92 -1 -1 
1 39 -1 -1 
1 40 -1 5 -1 -1 
2 11 -1 -1 
2 14 -1 -1 
2 62 -1 -1 
2 49 -1 -1 
2 5 -1 -1 
2 81 -1 -1 
2 25 -1 -1 
2 65 -1 -1 
2 4 -1 -1 
2 57 -1 -1 
2 35 -1 -1 
2 17 -1 -1 
2 27 -1 -1 
2 50 -1 -1 
2 89 -1 -1 
2 2 -1 -1 
2 24 -1 -1 
2 26 -1 -1 
2 9 -1 -1 
2 76 -1 -1 
2 98 -1 -1 
2 77 -1 -1 
2 84 -1 -1 
2 85 -1 -1 
3 17 -1 -1 
3 15 -1 -1 
3 86 -1 -1 
3 41 -1 -1 
3 37 -1 -1 
3 53 -1 -1 
3 54 -1 -1 
3 57 -1 -1 
3 52 -1 -1 
3 8 -1 -1 
3 92 -1 -1 
3 25 -1 -1 
3 47 -1 -1 
3 50 -1 -1 
3 28 -1 -1 
3 19 -1 -1 
3 71 -1 -1 
3 61 -1 -1 
3 49 -1 -1 
3 56 -1 -1 
3 60 -1 -1 
3 77 -1 -1 
3 11 -1 -1 
3 40 -1 -1 
3 94 -1 -1 
3 3 40 -1 -1 -1 
4 90 -1 -1 
4 30 -1 -1 
4 67 -1 -1 
4 73 -1 -1 
4 38 -1 -1 
4 29 -1 -1 
4 13 -1 -1 
4 56 -1 -1 
4 68 -1 -1 
4 51 -1 -1 
4 46 -1 -1 
4 4 -1 -1 
4 79 -1 -1 
4 26 -1 -1 
4 28 -1 -1 
4 50 -1 -1 
4 8 -1 -1 
4 22 -1 -1 
4 40 -1 -1 
4 53 -1 -1 
5 53 -1 -1 
5 83 -1 -1 
5 86 -1 -1 
5 40 -1 -1 
5 20 -1 -1 
5 91 -1 -1 
5 47 -1 -1 
5 68 -1 -1 
5 16 -1 -1 
5 25 -1 -1 
5 71 -1 -1 
5 7 -1 -1 
5 70 -1 -1 
5 88 -1 -1 
5 59 -1 -1 
5 85 -1 -1 
5 29 -1 -1 
5 79 -1 -1 
5 14 -1 -1 
5 22 -1 -1 
5 57 -1 -1 
5 58 -1 -1 
5 93 -1 0 -1 -1 
6 37 -1 -1 
6 61 -1 -1 
6 15 -1 -1 
6 94 -1 -1 
6 14 -1 -1 
6 22 -1 -1 
6 74 -1 -1 
6 90 -1 -1 
6 31 -1 -1 
6 51 -1 -1 
6 18 -1 -1 
6 56 -1 -1 
6 44 -1 -1 
6 46 -1 -1 
6 47 -1 -1 
6 79 -1 -1 
6 52 -1 -1 
6 65 -1 -1 
6 7 -1 -1 
6 27 -1 -1 
6 75 -1 -1 
6 34 -1 -1 
6 80 -1 -1 
6 82 -1 -1 
6 84 -1 -1 
7 45 -1 -1 
7 84 -1 -1 
7 26 -1 -1 
7 8 -1 -1 
7 91 -1 -1 
7 5 -1 -1 
7 81 -1 -1 
7 56 -1 -1 
7 88 -1 -1 
7 42 -1 -1 
7 17 -1 -1 
7 71 -1 -1 
7 36 -1 -1 
7 92 -1 -1 
7 73 -1 -1 
7 54 -1 -1 
7 94 -1 -1 
7 99 -1 -1 
7 74 -1 -1 
7 50 -1 -1 
7 3 8 -1 -1 -1 
8 43 -1 -1 
8 28 -1 -1 
8 61 -1 -1 
8 34 -1 -1 
8 39 -1 -1 
8 36 -1 -1 
8 78 -1 -1 
8 68 -1 -1 
8 38 -1 -1 
8 52 -1 -1 
8 35 -1 -1 
8 85 -1 -1 
8 3 -1 -1 
8 10 -1 -1 
8 9 -1 -1 
8 5 -1 -1 
8 19 -1 -1 
8 22 -1 -1 
8 55 -1 -1 
8 21 -1 -1 
8 15 -1 -1 
8 1 -1 -1 
8 87 -1 -1 
8 79 -1 -1 
9 34 -1 -1 
9 23 -1 -1 
9 69 -1 -1 
9 63 -1 -1 
9 68 -1 -1 
9 77 -1 -1 
9 79 -1 -1 
9 40 -1 -1 
9 61 -1 -1 
9 46 -1 -1 
9 4 81 -1 -1 -1 
10 69 -1 -1 
10 2 -1 -1 
10 73 -1 -1 
10 74 -1 -1 
10 95 -1 -1 
10 46 -1 -1 
10 41 -1 -1 
10 12 -1 -1 
10 23 -1 -1 
10 14 -1 -1 
10 11 -1 -1 
10 80 -1 -1 
10 92 -1 -1 
10 44 -1 -1 
10 10 -1 -1 
10 56 -1 -1 
10 18 -1 -1 
10 91 -1 -1 
10 84 -1 -1 
10 80 -1 1 -1 -1 
11 52 -1 -1 
11 65 -1 -1 
11 27 -1 -1 
11 38 -1 -1 
11 6 -1 -1 
11 99 -1 -1 
11 19 -1 -1 
11 4 -1 -1 
11 32 -1 -1 
11 66 -1 -1 
11 28 -1 -1 
11 29 -1 -1 
11 64 -1 -1 
11 91 -1 -1 
11 70 -1 -1 
11 69 -1 -1 
11 85 -1 -1 
11 57 -1 -1 
11 34 -1 -1 
11 95 -1 -1 
11 9 -1 -1 
11 1 27 -1 -1 -1 
12 39 -1 -1 
12 87 -1 -1 
12 17 -1 -1 
12 65 -1 -1 
12 74 -1 -1 
12 9 -1 -1 
12 78 -1 -1 
12 86 -1 -1 
12 4 -1 -1 
12 28 -1 -1 
12 73 -1 -1 
12 93 -1 -1 
12 33 -1 -1 
12 91 -1 -1 
12 71 -1 -1 
12 95 -1 -1 
12 99 -1 -1 
12 15 -1 -1 
12 98 -1 -1 
12 34 -1 -1 
12 38 -1 -1 
12 60 -1 -1 
12 69 -1 -1 
12 82 -1 -1 
12 68 -1 -1 
12 96 -1 -1 
13 46 -1 -1 
13 74 -1 -1 
13 3 -1 -1 
13 5 -1 -1 
13 36 -1 -1 
13 57 -1 -1 
13 84 -1 -1 
13 29 -1 -1 
13 42 -1 -1 
13 43 -1 -1 
13 25 -1 -1 
13 37 -1 -1 
13 64 -1 -1 
13 71 -1 -1 
13 72 -1 -1 
13 39 -1 -1 
13 23 -1 -1 
13 96 -1 -1 
13 58 -1 -1 
13 70 -1 -1 
13 20 -1 -1 
13 38 -1 -1 
13 10 -1 -1 
13 22 -1 -1 
13 76 -1 -1 
13 86 -1 -1 
13 1 38 -1 -1 -1 
13 1 25 -1 -1 -1 
14 45 -1 -1 
14 44 -1 -1 
14 97 -1 -1 
14 55 -1 -1 
14 35 -1 -1 
14 90 -1 -1 
14 63 -1 -1 
14 87 -1 -1 
14 91 -1 -1 
14 75 -1 -1 
14 41 -1 -1 
14 69 -1 -1 
14 60 -1 -1 
14 22 -1 -1 
14 21 -1 -1 
14 94 -1 -1 
14 95 -1 -1 
14 8 -1 -1 
14 20 -1 -1 
14 92 -1 -1 
14 59 -1 -1 
14 34 -1 -1 
14 62 -1 -1 
14 40 -1 -1 
14 64 -1 -1 
14 5 -1 -1 
14 72 -1 -1 
14 7 -1 -1 
14 16 -1 -1 
14 46 -1 -1 
14 50 -1 -1 
14 11 -1 -1 
14 0 5 -1 -1 -1 
15 91 -1 -1 
15 14 -1 -1 
15 27 -1 -1 
15 97 -1 -1 
15 53 -1 -1 
15 89 -1 -1 
15 84 -1 -1 
15 19 -1 -1 
15 75 -1 -1 
15 57 -1 -1 
15 23 -1 -1 
15 73 -1 -1 
15 3 -1 -1 
15 39 -1 -1 
15 32 -1 -1 
15 7 -1 -1 
15 9 -1 -1 
15 24 -1 -1 
15 88 -1 -1 
15 78 -1 -1 
15 52 -1 -1 
15 96 -1 -1 
15 68 -1 -1 
15 56 -1 -1 
15 12 -1 -1 
15 76 -1 -1 
15 43 -1 -1 
15 5 -1 -1 
15 70 -1 -1 
15 67 -1 -1 
15 87 -1 -1 
15 37 -1 -1 
15 80 -1 -1 
16 -1 
17 99 -1 -1 
17 63 -1 -1 
17 52 -1 -1 
17 39 -1 -1 
17 96 -1 -1 
17 43 -1 -1 
17 91 -1 -1 
17 70 -1 -1 
17 29 -1 -1 
17 49 -1 -1 
17 41 -1 -1 
17 3 -1 -1 
17 56 -1 -1 
17 77 -1 -1 
17 60 -1 -1 
17 48 -1 -1 
17 55 -1 -1 
17 81 -1 -1 
17 17 -1 -1 
17 44 -1 -1 
17 76 -1 -1 
17 84 -1 -1 
17 94 -1 -1 
17 9 -1 -1 
18 6 -1 -1 
18 59 -1 -1 
18 99 -1 -1 
18 10 -1 -1 
18 90 -1 -1 
18 13 -1 -1 
18 29 -1 -1 
18 54 -1 -1 
18 95 -1 -1 
18 40 -1 -1 
18 85 -1 -1 
18 37 -1 -1 
18 77 -1 -1 
18 58 -1 -1 
18 30 -1 -1 
18 65 -1 -1 
18 23 -1 -1 
18 25 -1 -1 
18 53 -1 -1 
18 41 -1 -1 
18 80 -1 -1 
18 34 -1 -1 
18 73 -1 -1 
18 97 -1 -1 
18 50 -1 -1 
18 33 -1 -1 
18 55 -1 -1 
18 57 -1 -1 
18 1 10 -1 -1 -1 
19 88 -1 -1 
19 39 -1 -1 
19 17 -1 -1 
19 11 -1 -1 
19 24 -1 -1 
19 65 -1 -1 
19 60 -1 -1 
19 59 -1 -1 
19 40 -1 -1 
19 68 -1 -1 
19 48 -1 -1 
19 41 -1 -1 
19 93 -1 -1 
19 52 -1 -1 
19 7 -1 6 -1 -1 
20 31 -1 -1 
20 56 -1 -1 
20 8 -1 -1 
20 73 -1 -1 
20 34 -1 -1 
20 95 -1 -1 
20 81 -1 -1 
20 22 -1 -1 
20 53 -1 -1 
20 4 4 -1 -1 -1 
21 68 -1 -1 
21 81 -1 -1 
21 79 -1 -1 
21 74 -1 -1 
21 96 -1 -1 
21 59 -1 -1 
21 31 -1 -1 
21 35 -1 -1 
21 91 -1 -1 
21 61 -1 -1 
21 63 -1 -1 
21 92 -1 -1 
21 19 -1 -1 
21 58 -1 -1 
21 75 -1 -1 
21 49 -1 -1 
21 14 92 -1 -1 -1 
22 84 -1 -1 
22 54 -1 -1 
22 78 -1 -1 
22 28 -1 -1 
22 92 -1 -1 
22 91 -1 -1 
22 83 -1 -1 
22 11 -1 -1 
22 19 -1 -1 
22 67 -1 -1 
22 32 -1 -1 
22 88 -1 -1 
22 30 -1 -1 
22 72 -1 -1 
22 82 -1 -1 
22 90 -1 -1 
22 58 -1 -1 
22 79 -1 -1 
22 36 -1 -1 
22 15 -1 -1 
22 89 -1 -1 
22 65 -1 -1 
22 96 -1 -1 
22 26 -1 -1 
22 86 -1 -1 
22 53 -1 -1 
22 25 -1 -1 
22 39 -1 -1 
22 22 -1 -1 
22 18 -1 -1 
22 9 96 -1 -1 -1 
22 9 9 -1 -1 -1 
22 9 88 -1 -1 -1 
23 19 -1 -1 
23 62 -1 -1 
23 46 -1 -1 
23 83 -1 -1 
23 35 -1 -1 
23 17 -1 -1 
23 81 -1 -1 
23 37 -1 -1 
23 52 -1 -1 
23 78 -1 -1 
23 45 -1 -1 
23 38 -1 -1 
23 74 -1 -1 
23 63 -1 -1 
23 80 -1 -1 
23 70 -1 -1 
23 10 46 -1 -1 -1 
24 41 -1 -1 
24 21 -1 -1 
24 94 -1 -1 
24 99 -1 -1 
24 87 -1 -1 
24 56 -1 -1 
24 70 -1 -1 
24 16 -1 -1 
24 44 -1 -1 
24 85 -1 -1 
24 52 -1 3 -1 -1 
24 8 -1 3 -1 -1 
24 3 -1 3 -1 -1 
24 92 -1 3 -1 -1 
24 3 61 -1 49 -1 -1 -1 
24 3 8 -1 49 -1 -1 -1 
24 3 49 3 -1 -1 -1 -1 
24 66 -1 3 49 -1 -1 -1 
24 3 69 -1 56 -1 -1 -1 
24 8 -1 3 56 -1 -1 -1 
24 3 56 3 -1 -1 -1 -1 
24 3 49 -1 56 -1 -1 -1 
25 90 -1 -1 
25 63 -1 -1 
25 65 -1 -1 
25 53 -1 -1 
25 15 -1 -1 
25 76 -1 -1 
25 75 -1 -1 
25 68 -1 -1 
25 7 -1 -1 
25 27 -1 -1 
25 82 -1 -1 
25 13 -1 -1 
25 50 -1 -1 
25 55 -1 -1 
25 2 76 -1 -1 -1 
26 48 -1 -1 
26 49 -1 -1 
26 31 -1 -1 
26 9 -1 -1 
26 37 -1 -1 
26 89 -1 -1 
26 81 -1 -1 
26 94 -1 -1 
26 46 -1 -1 
26 61 -1 -1 
26 92 -1 -1 
26 14 -1 -1 
26 44 -1 -1 
26 0 -1 -1 
26 98 -1 -1 
26 6 -1 -1 
26 54 -1 -1 
26 15 -1 -1 
27 37 -1 -1 
27 28 -1 -1 
27 12 -1 -1 
27 43 -1 -1 
27 8 -1 -1 
27 97 -1 -1 
27 40 -1 -1 
27 41 -1 -1 
27 21 -1 -1 
27 53 -1 -1 
27 54 -1 -1 
27 19 -1 -1 
27 88 -1 -1 
27 44 -1 -1 
27 66 -1 -1 
27 23 -1 -1 
27 26 -1 -1 
27 45 -1 -1 
27 65 -1 -1 
27 32 -1 -1 
27 9 -1 -1 
27 96 -1 -1 
27 7 12 -1 -1 -1 
28 13 -1 -1 
28 63 -1 -1 
28 95 -1 -1 
28 42 -1 -1 
28 65 -1 -1 
28 92 -1 -1 
28 62 -1 -1 
28 48 -1 -1 
28 49 -1 -1 
28 85 -1 -1 
28 31 -1 -1 
28 36 -1 -1 
28 38 -1 -1 
28 26 -1 -1 
28 34 -1 -1 
28 55 -1 -1 
28 98 -1 -1 
28 5 -1 -1 
28 15 -1 -1 
28 1 56 -1 -1 -1 
28 1 13 -1 -1 -1 
29 91 -1 -1 
29 47 -1 -1 
29 3 -1 -1 
29 99 -1 -1 
29 4 -1 -1 
29 28 -1 -1 
29 44 -1 -1 
29 87 -1 -1 
29 54 -1 -1 
29 1 -1 -1 
29 21 -1 -1 
29 18 -1 -1 
29 78 -1 -1 
29 60 -1 -1 
29 27 -1 -1 
29 30 -1 -1 
29 66 -1 -1 
29 13 -1 -1 
29 76 -1 -1 
29 39 -1 -1 
29 31 -1 -1 
29 92 -1 -1 
29 70 -1 -1 
29 8 -1 -1 
29 0 76 -1 -1 -1 
30 81 -1 -1 
30 20 -1 -1 
30 72 -1 -1 
30 42 -1 -1 
30 78 -1 -1 
30 54 -1 -1 
30 32 -1 -1 
30 61 -1 -1 
30 57 -1 -1 
30 59 -1 -1 
30 53 -1 -1 
30 99 -1 -1 
30 38 -1 -1 
30 63 -1 -1 
30 50 -1 -1 
30 84 -1 -1 
30 40 -1 -1 
30 49 -1 -1 
30 82 -1 -1 
30 93 -1 -1 
30 70 -1 -1 
30 79 -1 -1 
30 30 -1 -1 
30 7 -1 -1 
30 95 -1 -1 
30 55 -1 -1 
30 74 -1 -1 
30 77 -1 -1 
30 64 -1 -1 
30 37 -1 -1 
30 10 -1 -1 
31 27 -1 -1 
31 7 -1 -1 
31 11 -1 -1 
31 45 -1 -1 
31 50 -1 -1 
31 28 -1 -1 
31 97 -1 -1 
31 38 -1 -1 
31 63 -1 -1 
31 14 -1 -1 
31 73 -1 -1 
31 78 -1 -1 
31 2 -1 -1 
31 39 -1 -1 
31 93 -1 -1 
31 10 -1 -1 
31 83 -1 -1 
31 12 -1 -1 
31 52 -1 -1 
31 6 -1 -1 
31 26 -1 -1 
31 19 -1 -1 
31 23 -1 -1 
31 62 -1 -1 
31 98 -1 -1 
32 6 -1 -1 
32 41 -1 -1 
32 77 -1 -1 
32 30 -1 -1 
32 8 -1 -1 
32 95 -1 -1 
32 17 -1 -1 
32 81 -1 -1 
32 54 -1 -1 
32 49 -1 -1 
32 62 -1 -1 
32 2 41 -1 -1 -1 
32 2 6 -1 -1 -1 
33 76 -1 -1 
33 36 -1 -1 
33 26 -1 -1 
33 39 -1 -1 
33 57 -1 -1 
33 79 -1 -1 
33 81 -1 -1 
33 43 -1 -1 
33 52 -1 -1 
33 50 -1 -1 
33 31 -1 -1 
33 57 -1 22 -1 -1 
34 35 -1 -1 
34 62 -1 -1 
34 78 -1 -1 
34 29 -1 -1 
34 13 -1 -1 
34 30 -1 -1 
34 93 -1 -1 
34 71 -1 -1 
34 34 -1 -1 
34 68 -1 -1 
34 57 -1 -1 
34 43 -1 -1 
34 96 -1 -1 
34 41 -1 -1 
34 33 -1 -1 
34 26 -1 -1 
34 63 -1 -1 
34 39 -1 -1 
34 82 -1 -1 
34 42 -1 -1 
34 50 -1 -1 
34 77 -1 -1 
34 4 13 -1 -1 -1 
34 4 50 -1 -1 -1 
35 0 -1 -1 
35 15 -1 -1 
35 17 -1 -1 
35 26 -1 -1 
35 11 -1 -1 
35 40 -1 -1 
35 34 -1 -1 
35 58 -1 -1 
35 6 -1 -1 
35 66 -1 -1 
35 93 -1 -1 
35 80 -1 -1 
35 75 -1 -1 
35 99 -1 -1 
35 79 -1 -1 
35 77 -1 -1 
35 51 -1 -1 
35 21 -1 -1 
35 20 -1 -1 
35 28 -1 -1 
35 49 -1 -1 
36 26 -1 -1 
36 46 -1 -1 
36 35 -1 -1 
36 15 -1 -1 
36 86 -1 -1 
36 20 -1 -1 
36 79 -1 -1 
36 33 -1 -1 
36 51 -1 -1 
36 27 -1 -1 
36 52 -1 -1 
36 82 -1 -1 
36 70 -1 -1 
36 98 -1 -1 
36 8 -1 -1 
36 71 -1 -1 
36 80 -1 -1 
36 62 -1 -1 
36 68 -1 -1 
36 64 -1 -1 
36 16 -1 -1 
36 34 -1 -1 
36 95 -1 -1 
36 63 -1 -1 
36 76 -1 -1 
36 84 -1 -1 
36 72 -1 -1 
36 20 -1 7 -1 -1 
37 26 -1 -1 
37 49 -1 -1 
37 28 -1 -1 
37 3 -1 -1 
37 31 -1 -1 
37 59 -1 -1 
37 99 -1 -1 
37 68 -1 -1 
37 55 -1 -1 
37 83 -1 -1 
37 8 -1 -1 
37 76 -1 -1 
37 75 -1 -1 
37 57 -1 -1 
37 9 -1 -1 
37 12 -1 -1 
37 10 -1 -1 
37 48 -1 -1 
37 40 -1 -1 
37 23 -1 -1 
37 70 -1 -1 
37 32 -1 -1 
37 88 -1 -1 
37 87 -1 -1 
37 39 -1 -1 
37 22 -1 -1 
37 36 -1 -1 
38 96 -1 -1 
38 77 -1 -1 
38 18 -1 -1 
38 90 -1 -1 
38 9 -1 -1 
38 61 -1 -1 
38 91 -1 -1 
38 87 -1 -1 
38 53 -1 -1 
38 66 -1 -1 
38 38 -1 -1 
38 72 -1 -1 
38 60 -1 -1 
38 1 82 -1 -1 -1 
39 76 -1 -1 
39 32 -1 -1 
39 28 -1 -1 
39 36 -1 -1 
39 99 -1 -1 
39 88 -1 -1 
39 46 -1 -1 
39 85 -1 -1 
39 87 -1 -1 
39 23 -1 -1 
39 55 -1 -1 
39 60 -1 -1 
39 11 -1 -1 
39 14 -1 -1 
39 61 -1 -1 
39 40 -1 -1 
39 52 -1 -1 
39 65 -1 -1 
39 53 -1 -1 
39 69 -1 -1 
39 96 -1 -1 
39 12 -1 -1 
39 43 -1 -1 
39 2 -1 -1 
39 47 -1 -1 
39 7 -1 -1 
39 5 -1 -1 
39 84 -1 -1 
39 70 -1 -1 
39 8 -1 -1 
39 6 -1 -1 
39 64 -1 -1 
39 18 -1 -1 
39 17 -1 -1 
39 86 -1 -1 
39 29 -1 -1 
39 48 -1 -1 
39 3 -1 -1 
39 52 -1 1 -1 -1 
40 79 -1 -1 
40 71 -1 -1 
40 39 -1 -1 
40 47 -1 -1 
40 58 -1 -1 
40 1 -1 -1 
40 60 -1 -1 
40 5 -1 -1 
40 84 -1 -1 
40 18 -1 -1 
40 33 -1 -1 
40 59 -1 -1 
40 24 -1 -1 
40 56 -1 -1 
40 76 -1 -1 
40 88 -1 -1 
40 3 -1 -1 
40 91 -1 -1 
40 85 -1 -1 
40 31 -1 -1 
40 20 -1 -1 
40 66 -1 -1 
40 90 -1 -1 
40 73 -1 -1 
40 51 -1 -1 
41 66 -1 -1 
41 56 -1 -1 
41 54 -1 -1 
41 87 -1 -1 
41 81 -1 -1 
41 89 -1 -1 
41 99 -1 -1 
41 43 -1 -1 
41 30 -1 -1 
41 34 -1 -1 
41 31 -1 -1 
41 77 -1 -1 
41 60 -1 -1 
41 80 -1 -1 
41 68 -1 -1 
41 62 -1 -1 
41 48 -1 -1 
41 94 -1 -1 
41 83 -1 -1 
41 41 -1 -1 
41 50 -1 -1 
41 27 -1 0 -1 -1 
42 70 -1 -1 
42 4 -1 -1 
42 9 -1 -1 
42 52 -1 -1 
42 22 -1 -1 
42 82 -1 -1 
42 50 -1 -1 
42 99 -1 -1 
42 36 -1 -1 
42 5 -1 -1 
42 25 -1 -1 
42 93 -1 -1 
42 67 -1 -1 
42 75 -1 -1 
42 59 -1 -1 
42 81 -1 -1 
42 39 -1 -1 
42 13 -1 -1 
42 56 -1 -1 
42 20 -1 -1 
42 40 -1 -1 
42 71 -1 -1 
42 68 -1 -1 
42 57 -1 -1 
42 83 -1 -1 
42 70 -1 0 -1 -1 
42 0 4 -1 -1 -1 
42 45 -1 0 -1 -1 
43 15 -1 -1 
43 88 -1 -1 
43 57 -1 -1 
43 20 -1 -1 
43 56 -1 -1 
43 64 -1 -1 
43 63 -1 -1 
43 95 -1 -1 
43 62 -1 -1 
43 30 -1 -1 
43 39 -1 -1 
43 76 -1 -1 
43 77 -1 -1 
43 68 -1 -1 
43 13 -1 -1 
43 47 -1 -1 
43 26 -1 -1 
43 54 -1 -1 
43 27 -1 -1 
43 16 -1 -1 
43 94 -1 -1 
43 23 -1 -1 
43 30 -1 0 -1 -1 
43 0 56 -1 -1 -1 
44 29 -1 -1 
44 13 -1 -1 
44 15 -1 -1 
44 62 -1 -1 
44 68 -1 -1 
44 28 -1 -1 
44 14 -1 -1 
44 51 -1 -1 
44 81 -1 -1 
44 27 -1 -1 
44 59 -1 -1 
44 22 -1 -1 
44 69 -1 -1 
44 94 -1 -1 
44 63 -1 -1 
44 8 -1 -1 
44 7 81 -1 -1 -1 
44 28 -1 7 -1 -1 
44 7 5 8 -1 -1 -1 -1 
45 89 -1 -1 
45 47 -1 -1 
45 79 -1 -1 
45 72 -1 -1 
45 4 -1 -1 
45 27 -1 -1 
45 15 -1 -1 
45 19 -1 -1 
45 92 -1 -1 
45 95 -1 -1 
45 7 -1 -1 
45 51 -1 -1 
45 43 -1 -1 
45 11 -1 -1 
45 8 -1 -1 
45 39 -1 -1 
45 17 -1 -1 
45 28 -1 -1 
46 87 -1 -1 
46 93 -1 -1 
46 18 -1 -1 
46 30 -1 -1 
46 63 -1 -1 
46 36 -1 -1 
46 76 -1 -1 
46 1 -1 -1 
46 81 -1 -1 
46 40 -1 -1 
46 17 -1 -1 
46 0 -1 -1 
47 75 -1 -1 
47 26 -1 -1 
47 79 -1 -1 
47 7 -1 -1 
47 47 -1 -1 
47 96 -1 -1 
47 13 -1 -1 
47 22 -1 -1 
47 33 -1 -1 
47 5 -1 -1 
47 88 -1 -1 
47 81 -1 -1 
47 68 -1 -1 
47 45 -1 -1 
47 80 -1 -1 
47 87 -1 -1 
47 8 -1 -1 
47 24 -1 -1 
47 89 -1 -1 
47 98 -1 -1 
47 63 -1 -1 
47 12 -1 -1 
47 36 -1 -1 
47 82 -1 -1 
47 84 -1 2 -1 -1 
47 68 -1 2 -1 -1 
48 18 -1 -1 
48 22 -1 -1 
48 67 -1 -1 
48 63 -1 -1 
48 16 -1 -1 
48 60 -1 -1 
48 1 -1 -1 
48 79 -1 -1 
48 15 -1 -1 
48 76 -1 -1 
49 22 -1 -1 
49 19 -1 -1 
49 37 -1 -1 
49 30 -1 -1 
49 58 -1 -1 
49 44 -1 -1 
49 87 -1 -1 
49 35 -1 -1 
49 36 -1 -1 
49 78 -1 -1 
49 73 -1 -1 
49 49 -1 -1 
49 38 -1 -1 
49 97 -1 -1 
49 1 -1 -1 
49 17 -1 -1 
49 5 -1 -1 
49 46 -1 -1 
49 51 -1 -1 
49 66 -1 -1 
49 91 -1 -1 
49 62 -1 -1 
49 61 -1 -1 
49 18 -1 -1 
49 28 -1 -1 
49 82 -1 -1 
49 0 -1 0 -1 -1 
49 19 -1 0 -1 -1 
49 0 53 -1 -1 -1 
50 77 -1 -1 
50 80 -1 -1 
50 68 -1 -1 
50 94 -1 -1 
50 93 -1 -1 
50 61 -1 -1 
50 14 -1 -1 
50 15 -1 -1 
50 33 -1 -1 
50 1 -1 -1 
50 4 -1 -1 
50 71 -1 -1 
50 69 -1 -1 
50 76 -1 -1 
50 36 -1 -1 
50 88 -1 -1 
50 67 -1 -1 
50 48 -1 -1 
50 49 -1 -1 
50 54 -1 -1 
50 31 -1 -1 
50 95 -1 -1 
50 73 -1 -1 
50 17 -1 -1 
50 75 -1 -1 
50 96 -1 -1 
50 25 -1 0 -1 -1 
50 33 -1 0 -1 -1 
51 45 -1 -1 
51 27 -1 -1 
51 49 -1 -1 
51 47 -1 -1 
51 51 -1 -1 
51 35 -1 -1 
51 63 -1 -1 
51 62 -1 -1 
51 53 -1 -1 
51 2 -1 -1 
51 25 -1 -1 
51 93 -1 -1 
51 79 -1 -1 
51 52 -1 -1 
51 85 -1 -1 
52 73 -1 -1 
52 21 -1 -1 
52 43 -1 -1 
52 25 -1 -1 
52 82 -1 -1 
52 40 -1 -1 
52 65 -1 -1 
52 76 -1 -1 
52 41 -1 -1 
53 65 -1 -1 
53 13 -1 -1 
53 7 -1 -1 
53 32 -1 -1 
53 88 -1 -1 
53 83 -1 -1 
53 3 -1 -1 
53 45 -1 -1 
53 24 -1 -1 
53 48 -1 -1 
53 91 -1 -1 
53 46 -1 -1 
53 95 -1 -1 
53 90 -1 -1 
53 72 -1 -1 
53 79 -1 -1 
53 63 -1 -1 
53 6 -1 -1 
53 88 -1 0 -1 -1 
54 33 -1 -1 
54 0 -1 -1 
54 45 -1 -1 
54 22 -1 -1 
54 49 -1 -1 
54 95 -1 -1 
54 66 -1 -1 
54 36 -1 -1 
54 3 -1 -1 
54 85 -1 -1 
54 15 -1 -1 
54 58 -1 -1 
54 84 -1 -1 
54 30 -1 -1 
54 42 -1 -1 
54 43 -1 -1 
54 73 -1 -1 
54 74 -1 -1 
54 96 -1 -1 
54 25 -1 -1 
54 48 -1 -1 
54 14 -1 -1 
54 44 -1 -1 
54 38 -1 -1 
54 87 -1 -1 
54 81 -1 -1 
54 71 -1 -1 
55 84 -1 -1 
55 92 -1 -1 
55 5 -1 -1 
55 24 -1 -1 
55 64 -1 -1 
55 10 -1 -1 
55 66 -1 -1 
55 73 -1 -1 
55 95 -1 -1 
55 78 -1 -1 
55 12 -1 -1 
56 60 -1 -1 
56 56 -1 -1 
56 55 -1 -1 
56 33 -1 -1 
56 9 -1 -1 
56 62 -1 -1 
56 71 -1 -1 
56 82 -1 -1 
56 69 -1 -1 
56 74 -1 -1 
56 39 -1 8 -1 -1 
56 28 -1 8 -1 -1 
57 6 -1 -1 
57 11 -1 -1 
57 79 -1 -1 
57 93 -1 -1 
57 72 -1 -1 
57 17 -1 -1 
57 21 -1 -1 
57 23 -1 -1 
57 91 -1 -1 
57 65 -1 -1 
57 42 -1 -1 
57 92 -1 -1 
57 96 -1 -1 
57 39 -1 -1 
57 77 -1 -1 
57 43 -1 -1 
57 19 -1 -1 
57 49 -1 -1 
57 64 -1 -1 
57 31 -1 -1 
57 54 -1 -1 
57 29 -1 -1 
57 67 -1 -1 
57 75 -1 -1 
57 87 -1 -1 
57 89 -1 -1 
57 72 -1 80 -1 -1 
57 21 -1 3 -1 -1 
57 3 39 -1 -1 -1 
58 99 -1 -1 
58 86 -1 -1 
58 14 -1 -1 
58 92 -1 -1 
58 64 -1 -1 
58 83 -1 -1 
58 68 -1 -1 
58 39 -1 -1 
58 13 -1 -1 
58 44 -1 -1 
58 48 -1 -1 
58 40 -1 -1 
58 8 -1 -1 
58 9 -1 -1 
58 86 -1 4 -1 -1 
59 28 -1 -1 
59 90 -1 -1 
59 97 -1 -1 
59 81 -1 -1 
59 91 -1 -1 
59 67 -1 -1 
59 86 -1 -1 
59 52 -1 -1 
59 24 -1 -1 
59 31 -1 -1 
59 45 -1 -1 
59 82 -1 -1 
59 66 -1 -1 
59 3 -1 -1 
59 77 -1 -1 
59 65 -1 -1 
59 54 -1 -1 
59 56 -1 -1 
59 1 65 -1 -1 -1 
60 1 -1 -1 
60 48 -1 -1 
60 83 -1 -1 
60 75 -1 -1 
60 14 -1 -1 
60 76 -1 -1 
61 37 -1 -1 
61 26 -1 -1 
61 36 -1 -1 
61 41 -1 -1 
61 81 -1 -1 
61 51 -1 -1 
61 28 -1 -1 
61 75 -1 -1 
61 42 -1 -1 
61 13 -1 -1 
61 65 -1 -1 
61 94 -1 -1 
61 12 -1 -1 
61 69 -1 -1 
61 79 -1 -1 
61 2 28 -1 -1 -1 
62 76 -1 -1 
62 87 -1 -1 
62 22 -1 -1 
62 72 -1 -1 
62 60 -1 -1 
62 57 -1 -1 
62 17 -1 -1 
62 23 -1 -1 
62 75 -1 -1 
62 74 -1 -1 
62 13 -1 -1 
62 71 -1 -1 
62 29 -1 -1 
62 7 45 -1 -1 -1 
63 27 -1 -1 
63 64 -1 -1 
63 97 -1 -1 
63 53 -1 -1 
63 80 -1 -1 
63 39 -1 -1 
63 63 -1 -1 
63 35 -1 -1 
63 6 -1 -1 
63 72 -1 -1 
63 57 -1 -1 
63 47 -1 -1 
63 17 -1 -1 
63 51 -1 -1 
63 12 -1 -1 
63 28 -1 -1 
63 98 -1 -1 
63 25 -1 -1 
63 55 -1 -1 
63 71 -1 -1 
63 24 -1 -1 
64 39 -1 -1 
64 48 -1 -1 
64 7 -1 -1 
64 16 -1 -1 
64 52 -1 -1 
64 18 -1 -1 
64 9 -1 -1 
64 96 -1 -1 
64 23 -1 -1 
64 41 -1 -1 
64 77 -1 -1 
64 12 -1 -1 
64 58 -1 -1 
64 19 -1 -1 
64 25 -1 -1 
64 54 -1 -1 
64 50 -1 -1 
64 57 -1 -1 
64 61 -1 -1 
64 49 -1 -1 
64 20 -1 -1 
65 39 -1 -1 
65 42 -1 -1 
65 72 -1 -1 
65 7 -1 -1 
65 14 -1 -1 
65 36 -1 -1 
65 20 -1 -1 
65 56 -1 -1 
65 31 -1 -1 
65 81 -1 -1 
65 59 -1 -1 
65 91 -1 -1 
65 8 -1 -1 
65 11 -1 -1 
65 16 -1 -1 
65 9 -1 -1 
65 48 -1 -1 
65 44 -1 -1 
65 46 -1 -1 
65 78 -1 -1 
65 77 -1 -1 
65 34 -1 -1 
65 90 -1 -1 
65 50 -1 -1 
65 32 -1 -1 
65 41 -1 -1 
65 69 -1 -1 
65 10 -1 -1 
65 96 -1 -1 
65 1 81 -1 -1 -1 
65 1 31 -1 -1 -1 
65 71 -1 1 -1 -1 
65 8 -1 1 -1 -1 
65 59 -1 1 -1 -1 
66 90 -1 -1 
66 24 -1 -1 
66 51 -1 -1 
66 39 -1 -1 
66 35 -1 -1 
66 87 -1 -1 
66 33 -1 -1 
66 56 -1 -1 
66 14 -1 0 -1 -1 
66 0 71 -1 -1 -1 
66 85 -1 0 -1 -1 
66 14 -1 0 57 -1 -1 -1 
67 96 -1 -1 
67 28 -1 -1 
67 54 -1 -1 
67 44 -1 -1 
67 7 -1 -1 
67 18 -1 -1 
67 94 -1 -1 
67 67 -1 -1 
67 58 -1 -1 
67 13 -1 -1 
67 62 -1 -1 
67 8 -1 -1 
67 61 -1 -1 
67 1 67 -1 -1 -1 
68 87 -1 -1 
68 59 -1 -1 
68 94 -1 -1 
68 31 -1 -1 
68 89 -1 -1 
68 93 -1 -1 
68 40 -1 -1 
68 41 -1 -1 
68 16 -1 -1 
68 77 -1 -1 
68 3 -1 -1 
68 68 -1 -1 
68 56 -1 -1 
68 46 -1 -1 
68 35 -1 -1 
68 98 -1 -1 
68 57 -1 -1 
68 37 -1 -1 
68 1 -1 -1 
68 61 -1 -1 
68 33 -1 -1 
68 97 -1 -1 
68 5 -1 -1 
68 43 -1 -1 
68 2 -1 -1 
68 90 -1 -1 
68 0 93 -1 -1 -1 
69 14 -1 -1 
69 19 -1 -1 
69 13 -1 -1 
69 71 -1 -1 
69 57 -1 -1 
69 75 -1 -1 
69 69 -1 -1 
69 80 -1 -1 
69 92 -1 -1 
69 90 -1 -1 
69 22 -1 -1 
69 28 -1 -1 
69 99 -1 -1 
69 65 -1 -1 
69 11 -1 -1 
69 4 -1 4 -1 -1 
69 4 13 -1 -1 -1 
69 4 22 -1 -1 -1 
69 19 -1 4 -1 -1 
69 79 -1 4 -1 -1 
69 4 26 -1 -1 -1 
70 45 -1 -1 
70 58 -1 -1 
70 55 -1 -1 
70 48 -1 -1 
70 40 -1 -1 
70 76 -1 -1 
70 13 45 -1 -1 -1 
71 97 -1 -1 
71 94 -1 -1 
71 58 -1 -1 
71 15 -1 -1 
71 1 -1 -1 
71 80 -1 -1 
71 22 -1 -1 
71 96 -1 -1 
71 98 -1 -1 
71 63 -1 -1 
71 64 -1 -1 
71 34 -1 -1 
71 51 -1 -1 
72 64 -1 -1 
72 2 -1 -1 
72 87 -1 -1 
72 92 -1 -1 
72 8 -1 -1 
72 59 -1 -1 
72 53 -1 -1 
72 21 -1 -1 
72 71 -1 -1 
72 50 -1 -1 
72 66 -1 -1 
72 78 -1 -1 
72 57 -1 -1 
72 95 -1 -1 
72 67 -1 -1 
72 5 -1 -1 
72 30 -1 -1 
72 12 -1 -1 
72 52 -1 -1 
72 88 -1 -1 
72 20 -1 -1 
72 76 -1 -1 
72 69 -1 -1 
72 43 -1 -1 
72 72 -1 -1 
72 89 -1 -1 
72 73 -1 -1 
72 22 -1 -1 
72 27 -1 -1 
72 75 -1 -1 
72 3 -1 -1 
72 18 -1 -1 
72 28 -1 -1 
72 26 -1 -1 
72 1 78 -1 -1 -1 
73 34 -1 -1 
73 25 -1 -1 
73 22 -1 -1 
73 13 -1 -1 
73 49 -1 -1 
73 51 -1 -1 
73 76 -1 -1 
73 67 -1 -1 
73 29 -1 -1 
73 30 -1 -1 
73 21 -1 -1 
73 55 -1 -1 
73 75 -1 -1 
73 69 -1 -1 
73 26 -1 -1 
73 62 -1 -1 
73 18 -1 -1 
73 78 -1 -1 
73 48 -1 -1 
73 69 -1 10 -1 -1 
74 48 -1 -1 
74 74 -1 -1 
74 56 -1 -1 
74 26 -1 -1 
74 19 -1 -1 
74 99 -1 -1 
74 43 -1 -1 
74 95 -1 -1 
74 42 -1 -1 
74 54 -1 -1 
74 65 -1 -1 
74 50 -1 -1 
74 31 -1 -1 
74 4 -1 -1 
74 59 -1 -1 
74 51 -1 -1 
74 30 -1 -1 
74 17 -1 -1 
74 98 -1 -1 
74 15 -1 -1 
74 24 -1 -1 
74 93 -1 -1 
74 0 98 -1 -1 -1 
74 0 42 -1 13 -1 -1 -1 
75 26 -1 -1 
75 17 -1 -1 
75 55 -1 -1 
75 93 -1 -1 
75 49 -1 -1 
75 0 -1 -1 
75 24 -1 -1 
75 25 -1 -1 
75 16 -1 -1 
75 12 -1 -1 
75 92 -1 -1 
75 44 -1 -1 
75 2 -1 -1 
75 27 -1 -1 
75 9 -1 -1 
75 89 -1 -1 
75 46 -1 -1 
75 3 -1 -1 
75 52 -1 -1 
75 68 -1 -1 
75 22 -1 -1 
75 31 -1 -1 
75 7 -1 -1 
76 78 -1 -1 
76 26 -1 -1 
76 47 -1 -1 
76 67 -1 -1 
76 84 -1 -1 
76 24 -1 -1 
76 37 -1 -1 
76 31 -1 -1 
76 20 -1 -1 
76 44 -1 -1 
76 62 -1 -1 
76 16 -1 -1 
76 23 -1 -1 
76 88 -1 12 -1 -1 
77 69 -1 -1 
77 3 -1 -1 
77 4 -1 -1 
77 14 -1 -1 
77 61 -1 -1 
77 8 -1 -1 
77 45 -1 -1 
77 0 -1 -1 
77 44 -1 -1 
77 90 -1 -1 
77 97 -1 -1 
77 52 -1 -1 
77 94 -1 -1 
77 7 -1 -1 
77 17 -1 -1 
77 57 -1 -1 
77 21 -1 -1 
77 76 -1 -1 
77 12 -1 -1 
77 72 -1 -1 
77 18 -1 -1 
78 83 -1 -1 
78 14 -1 -1 
78 86 -1 -1 
78 26 -1 -1 
78 43 -1 -1 
78 12 -1 -1 
78 21 -1 -1 
78 6 -1 -1 
78 20 -1 -1 
78 42 -1 -1 
78 98 -1 -1 
78 34 -1 -1 
78 61 -1 -1 
78 78 -1 -1 
78 85 -1 -1 
78 41 -1 -1 
78 60 -1 -1 
78 32 -1 -1 
78 15 -1 -1 
78 3 -1 -1 
78 37 -1 -1 
78 28 -1 -1 
78 1 98 -1 -1 -1 
79 5 -1 -1 
79 62 -1 -1 
79 85 -1 -1 
79 7 -1 -1 
79 22 -1 -1 
79 26 -1 -1 
79 30 -1 -1 
79 36 -1 -1 
79 24 -1 -1 
79 42 -1 -1 
79 17 -1 -1 
79 67 -1 -1 
79 77 -1 -1 
79 33 -1 -1 
79 2 42 -1 -1 -1 
80 73 -1 -1 
80 61 -1 -1 
80 25 -1 -1 
80 72 -1 -1 
80 39 -1 -1 
80 64 -1 -1 
80 34 -1 -1 
80 20 -1 -1 
80 50 -1 -1 
80 21 -1 -1 
80 51 -1 -1 
80 6 -1 13 -1 -1 
81 55 -1 -1 
81 7 -1 -1 
81 11 -1 -1 
81 49 -1 -1 
81 68 -1 -1 
81 1 -1 -1 
81 37 -1 -1 
81 3 -1 -1 
81 0 -1 -1 
81 13 -1 -1 
81 73 -1 -1 
81 46 -1 -1 
81 36 -1 -1 
81 10 -1 -1 
81 22 -1 -1 
81 96 -1 -1 
81 25 -1 -1 
81 60 -1 -1 
81 84 -1 -1 
81 75 -1 -1 
81 88 -1 -1 
81 30 -1 -1 
81 57 -1 -1 
81 4 -1 -1 
81 66 -1 -1 
81 31 -1 -1 
81 78 -1 -1 
81 19 -1 -1 
81 63 -1 -1 
81 56 -1 -1 
81 17 -1 -1 
81 89 -1 -1 
82 30 -1 -1 
82 53 -1 -1 
82 72 -1 -1 
82 76 -1 -1 
82 11 -1 -1 
82 79 -1 -1 
82 94 -1 -1 
82 22 -1 -1 
82 45 -1 -1 
82 28 -1 -1 
82 32 -1 -1 
82 14 -1 -1 
82 27 -1 -1 
82 35 -1 -1 
82 37 -1 -1 
82 6 -1 -1 
82 83 -1 -1 
82 71 -1 -1 
82 48 -1 -1 
82 46 -1 -1 
82 52 -1 -1 
82 1 35 -1 -1 -1 
82 1 40 -1 -1 -1 
82 1 35 -1 5 -1 -1 -1 
83 86 -1 -1 
83 68 -1 -1 
83 89 -1 -1 
83 25 -1 -1 
83 35 -1 -1 
83 66 -1 -1 
83 21 -1 -1 
83 33 -1 -1 
83 32 -1 -1 
83 83 -1 -1 
83 50 -1 -1 
83 96 -1 -1 
83 54 -1 -1 
83 41 -1 -1 
83 49 -1 -1 
83 78 -1 -1 
83 91 -1 -1 
83 25 -1 19 -1 -1 
84 45 -1 -1 
84 51 -1 -1 
84 43 76 -1 -1 -1 
84 43 45 -1 -1 -1 
84 54 -1 43 -1 -1 
84 43 0 -1 26 -1 -1 -1 
84 43 26 54 -1 -1 -1 -1 
84 45 -1 43 26 -1 -1 -1 
85 37 -1 -1 
85 22 -1 -1 
85 82 -1 -1 
85 16 -1 -1 
85 94 -1 -1 
85 19 -1 -1 
85 68 -1 -1 
85 90 -1 -1 
85 6 -1 -1 
85 51 -1 -1 
85 38 -1 -1 
85 47 -1 -1 
85 3 -1 -1 
85 40 -1 -1 
85 23 -1 -1 
85 57 -1 -1 
85 13 -1 -1 
85 59 -1 -1 
86 67 -1 -1 
86 75 -1 -1 
86 85 -1 -1 
86 46 -1 -1 
86 34 -1 -1 
86 45 -1 -1 
86 29 -1 -1 
86 98 -1 -1 
86 60 -1 -1 
86 74 -1 -1 
86 16 -1 -1 
86 93 -1 -1 
86 63 -1 -1 
86 7 -1 -1 
87 18 -1 -1 
87 47 -1 -1 
87 55 -1 -1 
87 7 -1 -1 
87 93 -1 -1 
87 90 -1 -1 
87 81 -1 -1 
87 44 -1 -1 
87 17 -1 -1 
87 66 -1 -1 
87 28 -1 -1 
87 1 -1 -1 
87 97 -1 -1 
87 58 -1 -1 
87 45 -1 -1 
87 23 -1 -1 
88 95 -1 -1 
88 79 -1 -1 
88 28 -1 -1 
88 99 -1 -1 
88 36 -1 -1 
88 50 -1 -1 
88 71 -1 -1 
88 98 -1 -1 
88 66 -1 -1 
88 11 -1 -1 
88 27 -1 -1 
88 80 -1 -1 
88 7 -1 -1 
89 56 -1 -1 
89 91 -1 -1 
89 9 -1 -1 
89 80 -1 -1 
89 28 -1 -1 
89 46 -1 -1 
89 47 -1 -1 
89 17 -1 -1 
89 40 -1 -1 
89 74 -1 -1 
89 14 -1 -1 
89 26 -1 -1 
89 72 -1 -1 
89 73 -1 -1 
89 34 -1 -1 
89 66 -1 -1 
89 50 -1 -1 
89 6 -1 -1 
89 85 -1 -1 
89 67 -1 -1 
89 68 -1 -1 
90 56 -1 -1 
90 75 -1 -1 
90 82 -1 -1 
90 36 -1 -1 
90 77 -1 -1 
90 43 -1 -1 
90 81 -1 -1 
90 83 -1 -1 
90 5 -1 -1 
90 32 -1 -1 
90 98 -1 -1 
90 30 -1 -1 
90 90 -1 -1 
90 67 -1 -1 
90 84 -1 -1 
90 45 -1 -1 
90 73 -1 -1 
90 64 -1 -1 
90 27 -1 -1 
90 17 -1 -1 
90 87 -1 -1 
90 41 -1 3 -1 -1 
90 83 -1 3 -1 -1 
91 76 -1 -1 
91 72 -1 -1 
91 2 -1 -1 
91 7 -1 -1 
91 68 -1 -1 
91 82 -1 -1 
91 87 -1 -1 
91 4 -1 -1 
91 17 -1 -1 
91 57 -1 -1 
92 39 -1 -1 
92 80 -1 -1 
92 49 -1 -1 
92 89 -1 -1 
92 43 -1 -1 
92 3 -1 -1 
92 6 -1 -1 
92 87 -1 -1 
92 97 -1 -1 
92 74 -1 -1 
92 94 -1 -1 
92 14 -1 -1 
92 53 -1 -1 
92 10 -1 -1 
92 15 -1 -1 
92 6 -1 0 -1 -1 
93 74 -1 -1 
93 65 -1 -1 
93 22 -1 -1 
93 21 -1 -1 
93 18 -1 -1 
93 93 -1 -1 
93 50 -1 -1 
93 97 -1 -1 
93 36 -1 -1 
93 17 -1 -1 
93 66 -1 -1 
93 24 -1 -1 
93 82 -1 -1 
93 27 -1 -1 
93 37 -1 -1 
93 69 -1 -1 
93 61 -1 -1 
93 35 -1 -1 
93 63 -1 -1 
93 99 -1 -1 
93 52 -1 -1 
93 12 66 -1 -1 -1 
94 77 -1 -1 
94 31 -1 -1 
94 38 -1 -1 
94 40 -1 -1 
94 90 -1 -1 
94 60 -1 -1 
94 85 -1 -1 
94 22 -1 -1 
94 21 -1 -1 
94 74 -1 -1 
94 52 -1 -1 
94 94 -1 -1 
94 72 -1 -1 
94 46 -1 -1 
94 7 -1 -1 
94 41 -1 -1 
94 4 -1 -1 
94 93 -1 -1 
94 19 -1 -1 
94 3 -1 -1 
94 84 -1 -1 
94 65 -1 -1 
95 48 -1 -1 
95 43 -1 -1 
95 24 -1 -1 
95 54 -1 -1 
95 77 -1 -1 
95 1 -1 -1 
95 22 -1 -1 
95 96 -1 -1 
95 12 -1 -1 
95 89 -1 -1 
95 39 -1 -1 
95 63 -1 -1 
95 41 -1 -1 
95 44 -1 -1 
95 35 -1 -1 
95 64 -1 -1 
96 7 -1 -1 
96 86 -1 -1 
96 60 -1 -1 
96 2 -1 -1 
96 54 -1 -1 
96 48 -1 -1 
96 9 -1 -1 
96 4 -1 -1 
96 83 -1 -1 
96 71 -1 -1 
96 23 -1 -1 
96 18 -1 -1 
96 13 -1 -1 
96 67 -1 -1 
96 8 -1 -1 
96 89 -1 -1 
96 0 -1 -1 
96 55 -1 -1 
97 33 -1 -1 
97 77 -1 -1 
97 54 -1 -1 
97 19 -1 -1 
97 34 -1 -1 
97 53 -1 -1 
97 13 -1 -1 
97 37 -1 -1 
97 38 -1 -1 
97 5 -1 -1 
97 94 -1 -1 
97 35 -1 -1 
97 1 35 -1 -1 -1 
98 27 -1 -1 
98 42 -1 -1 
98 30 -1 -1 
98 69 -1 -1 
98 18 -1 -1 
98 80 -1 -1 
98 41 -1 -1 
98 60 -1 -1 
98 63 -1 -1 
98 98 -1 -1 
98 43 -1 -1 
98 40 -1 -1 
98 36 -1 -1 
98 14 -1 -1 
98 46 -1 -1 
98 15 -1 -1 
98 97 -1 -1 
98 74 -1 -1 
98 88 -1 -1 
98 71 -1 -1 
98 48 -1 -1 
98 89 -1 -1 
98 28 -1 -1 
98 23 -1 -1 
98 8 -1 -1 
98 3 71 -1 -1 -1 
98 3 28 -1 -1 -1 
98 3 89 -1 -1 -1 
98 3 11 28 -1 -1 -1 -1 
99 57 -1 -1 
99 42 -1 -1 
99 10 -1 -1 
99 11 -1 -1 
99 75 -1 -1 
99 99 -1 -1 
99 73 -1 -1 
99 14 -1 -1 
99 6 -1 -1 
99 8 -1 -1 
99 89 -1 -1 
99 33 -1 -1 
99 51 -1 -1 
99 36 -1 -1 
99 43 -1 -1 
99 83 -1 -1 
99 58 -1 -1 
99 62 -1 -1 
99 87 -1 -1 
99 7 -1 -1 
99 56 -1 -1 
99 93 -1 -1 
99 4 -1 -1 
99 80 -1 -1 
99 79 -1 -1 
99 63 -1 -1 
99 53 -1 -1 
99 44 -1 -1 
99 98 -1 -1 
99 76 -1 -1 
99 78 -1 -1 
99 65 -1 -1 
99 81 -1 -1 
99 71 -1 -1 
99 17 -1 -1 
99 20 -1 -1 
99 31 -1 -1 
99 41 -1 -1 
