Time used is 6.704 second.
0 69 -1 -1 
1 35 -1 -1 
1 31 57 -1 -1 -1 
1 35 -1 31 -1 -1 
1 6 -1 31 -1 -1 
2 12 -1 -1 
2 12 -1 1 -1 -1 
3 37 -1 -1 
3 26 -1 -1 
3 9 -1 -1 
3 94 -1 -1 
3 48 -1 -1 
3 69 -1 0 -1 -1 
3 0 37 -1 -1 -1 
4 -1 
5 -1 
6 96 -1 70 -1 -1 
6 29 -1 70 -1 -1 
6 70 62 -1 -1 -1 
7 99 -1 -1 
7 99 -1 66 -1 -1 
8 -1 
9 -1 
10 -1 
11 89 -1 -1 
11 15 66 -1 -1 -1 
11 89 -1 15 -1 -1 
11 15 29 89 -1 -1 -1 -1 
11 15 29 3 -1 -1 -1 -1 
11 95 -1 15 29 26 -1 -1 -1 -1 
11 15 29 3 -1 26 -1 -1 -1 -1 
11 15 29 26 89 -1 -1 -1 -1 -1 
11 15 64 -1 29 26 -1 -1 -1 -1 
11 15 29 64 3 -1 -1 -1 -1 -1 
11 15 89 -1 29 64 -1 -1 -1 -1 
11 18 71 -1 -1 -1 
11 71 10 -1 -1 -1 
12 -1 
13 41 -1 -1 
13 84 -1 -1 
13 97 -1 -1 
13 4 97 -1 -1 -1 
14 85 -1 -1 
14 38 -1 -1 
14 41 -1 -1 
14 52 -1 -1 
14 52 -1 13 -1 -1 
14 97 -1 13 -1 -1 
14 74 -1 13 -1 -1 
14 13 85 -1 -1 -1 
15 66 -1 -1 
15 89 -1 -1 
15 29 70 -1 -1 -1 
15 29 3 -1 -1 -1 
15 29 95 -1 26 -1 -1 -1 
15 29 3 -1 26 -1 -1 -1 
15 64 -1 29 26 -1 -1 -1 
15 29 64 3 -1 -1 -1 -1 
16 -1 
18 -1 
19 38 -1 -1 
19 74 -1 -1 
19 78 -1 -1 
19 62 -1 41 -1 -1 
19 37 -1 3 -1 -1 
19 26 -1 3 -1 -1 
19 0 -1 3 -1 -1 
22 73 -1 -1 
22 55 -1 -1 
22 39 73 -1 -1 -1 
23 92 -1 -1 
23 64 53 -1 -1 -1 
26 95 -1 -1 
26 89 -1 -1 
26 59 -1 -1 
26 79 -1 -1 
26 36 -1 -1 
26 95 -1 7 -1 -1 
26 99 -1 7 -1 -1 
26 89 -1 7 -1 -1 
26 99 -1 7 66 -1 -1 -1 
26 7 66 95 -1 -1 -1 -1 
27 -1 
28 99 -1 -1 
28 61 -1 63 -1 -1 
28 63 99 -1 -1 -1 
29 64 -1 -1 
29 95 -1 26 -1 -1 
29 89 -1 26 -1 -1 
29 64 -1 26 -1 -1 
29 95 -1 26 7 -1 -1 -1 
29 26 7 64 -1 -1 -1 -1 
29 89 -1 26 7 -1 -1 -1 
29 26 7 99 -1 66 -1 -1 -1 -1 
29 26 95 -1 7 66 -1 -1 -1 -1 
29 26 7 64 -1 66 -1 -1 -1 -1 
29 62 -1 26 7 99 -1 -1 -1 -1 
29 26 95 -1 7 99 -1 -1 -1 -1 
29 26 64 -1 7 99 -1 -1 -1 -1 
29 26 7 41 -1 99 -1 -1 -1 -1 
29 26 8 -1 7 99 -1 -1 -1 -1 
29 26 7 53 -1 99 -1 -1 -1 -1 
30 -1 
31 57 -1 -1 
31 62 -1 -1 
31 57 -1 6 -1 -1 
31 6 70 57 -1 -1 -1 -1 
31 96 -1 6 70 -1 -1 -1 
31 6 62 -1 70 -1 -1 -1 
31 29 -1 6 70 -1 -1 -1 
32 -1 
34 -1 
35 -1 
36 63 -1 -1 
36 56 -1 -1 
36 86 -1 -1 
36 52 63 -1 -1 -1 
36 52 15 -1 -1 -1 
36 52 15 -1 10 -1 -1 -1 
36 52 63 -1 10 -1 -1 -1 
37 53 -1 -1 
37 49 -1 -1 
37 66 -1 -1 
37 64 -1 23 -1 -1 
37 49 -1 23 -1 -1 
37 23 53 -1 -1 -1 
37 23 64 -1 92 -1 -1 -1 
37 23 53 -1 92 -1 -1 -1 
38 -1 
39 -1 
40 87 -1 -1 
40 43 -1 -1 
40 74 -1 -1 
40 22 -1 -1 
40 14 -1 -1 
40 26 -1 -1 
40 11 71 -1 -1 -1 
40 11 43 -1 -1 -1 
40 28 -1 11 -1 -1 
40 11 71 -1 18 -1 -1 -1 
40 43 -1 11 18 -1 -1 -1 
40 28 -1 11 18 -1 -1 -1 
41 65 -1 -1 
41 45 -1 -1 
41 38 -1 -1 
41 62 -1 -1 
41 38 -1 19 -1 -1 
42 61 -1 -1 
42 16 -1 -1 
42 76 -1 -1 
42 95 -1 -1 
42 50 -1 -1 
42 86 -1 -1 
42 73 -1 -1 
42 95 -1 14 -1 -1 
42 14 41 -1 -1 -1 
42 14 38 -1 -1 -1 
42 14 13 74 -1 -1 -1 -1 
42 14 95 -1 13 -1 -1 -1 
42 14 13 97 -1 -1 -1 -1 
43 54 -1 -1 
43 26 -1 -1 
43 3 48 -1 -1 -1 
43 54 -1 3 -1 -1 
43 26 -1 3 -1 -1 
43 3 9 48 -1 -1 -1 -1 
45 26 -1 -1 
45 72 -1 -1 
45 47 -1 -1 
45 30 -1 -1 
46 11 -1 -1 
46 49 -1 -1 
46 72 -1 -1 
46 4 -1 -1 
47 -1 
48 -1 
49 58 -1 -1 
49 69 -1 -1 
49 5 -1 3 -1 -1 
50 65 -1 -1 
50 66 -1 -1 
50 58 29 -1 -1 -1 
51 -1 
52 63 -1 -1 
52 63 -1 10 -1 -1 
53 37 -1 -1 
53 46 -1 -1 
53 55 -1 -1 
53 53 37 -1 -1 -1 
53 53 22 37 -1 -1 -1 -1 
53 53 22 36 -1 -1 -1 -1 
53 36 -1 22 -1 -1 
54 -1 
55 74 -1 -1 
55 35 74 -1 -1 -1 
56 -1 
57 66 -1 -1 
57 64 66 -1 -1 -1 
58 42 -1 -1 
58 67 -1 -1 
58 64 -1 -1 
58 53 -1 -1 
58 67 -1 12 -1 -1 
58 42 -1 12 -1 -1 
58 64 -1 12 -1 -1 
59 52 -1 -1 
59 78 -1 -1 
59 39 -1 -1 
59 84 -1 -1 
59 93 -1 16 -1 -1 
59 84 -1 16 -1 -1 
60 -1 
61 45 -1 -1 
61 55 -1 -1 
61 83 -1 -1 
61 19 55 -1 -1 -1 
62 74 -1 -1 
62 97 -1 -1 
62 51 -1 -1 
63 61 45 -1 -1 -1 
63 55 -1 61 -1 -1 
63 61 19 -1 -1 -1 
63 61 83 -1 -1 -1 
64 -1 
65 62 -1 -1 
66 62 -1 -1 
66 93 -1 -1 
66 46 -1 -1 
66 90 -1 -1 
66 58 -1 -1 
66 53 -1 19 -1 -1 
66 45 -1 19 41 -1 -1 -1 
66 19 53 -1 41 -1 -1 -1 
66 19 45 -1 41 65 -1 -1 -1 -1 
67 -1 
69 -1 
70 59 -1 -1 
70 96 -1 -1 
70 62 -1 -1 
70 29 59 -1 -1 -1 
70 29 96 -1 -1 -1 
70 80 -1 29 -1 -1 
71 -1 
72 -1 
73 37 -1 -1 
73 37 -1 14 -1 -1 
74 53 -1 -1 
74 26 79 -1 -1 -1 
74 53 -1 26 -1 -1 
74 26 79 -1 36 -1 -1 -1 
74 26 53 -1 36 -1 -1 -1 
76 -1 
78 60 -1 -1 
78 91 -1 -1 
78 31 -1 -1 
78 28 -1 -1 
79 -1 
80 -1 
83 -1 
84 -1 
85 -1 
86 70 -1 -1 
87 39 -1 -1 
87 42 -1 -1 
87 42 -1 37 -1 -1 
87 23 -1 37 -1 -1 
87 66 -1 37 -1 -1 
87 49 -1 37 -1 -1 
87 14 -1 37 -1 -1 
87 14 -1 37 53 -1 -1 -1 
87 37 49 -1 53 -1 -1 -1 
88 5 -1 -1 
89 8 -1 -1 
89 54 -1 3 -1 -1 
90 15 -1 -1 
91 -1 
92 -1 
93 19 -1 -1 
93 40 -1 -1 
93 13 -1 -1 
93 18 -1 -1 
93 19 -1 0 -1 -1 
94 -1 
95 45 -1 -1 
95 19 -1 -1 
95 74 -1 -1 
95 27 -1 -1 
96 -1 
97 -1 
99 41 -1 -1 
99 61 -1 -1 
99 61 -1 8 -1 -1 
